0 info it worked if it ends with ok
1 verbose cli [ 'C:\\Program Files\\nodejs\\node.exe',
1 verbose cli   'C:\\Users\\abistat\\AppData\\Roaming\\npm\\node_modules\\npm\\bin\\npm-cli.js',
1 verbose cli   'start' ]
2 info using npm@3.10.6
3 info using node@v4.5.0
4 verbose run-script [ 'prestart', 'start', 'poststart' ]
5 info lifecycle nokia@1.0.0~prestart: nokia@1.0.0
6 silly lifecycle nokia@1.0.0~prestart: no script for prestart, continuing
7 info lifecycle nokia@1.0.0~start: nokia@1.0.0
8 verbose lifecycle nokia@1.0.0~start: unsafe-perm in lifecycle true
9 verbose lifecycle nokia@1.0.0~start: PATH: C:\Users\abistat\AppData\Roaming\npm\node_modules\npm\bin\node-gyp-bin;C:\Users\abistat\new_nokia\node_modules\.bin;C:\ProgramData\Oracle\Java\javapath;C:\Program Files (x86)\Intel\iCLS Client\;C:\Program Files\Intel\iCLS Client\;C:\WINDOWS\system32;C:\WINDOWS;C:\WINDOWS\System32\Wbem;C:\WINDOWS\System32\WindowsPowerShell\v1.0\;C:\Program Files (x86)\Intel\Intel(R) Management Engine Components\DAL;C:\Program Files\Intel\Intel(R) Management Engine Components\DAL;C:\Program Files (x86)\Intel\Intel(R) Management Engine Components\IPT;C:\Program Files\Intel\Intel(R) Management Engine Components\IPT;C:\Program Files (x86)\Skype\Phone\;C:\Program Files\nodejs\;C:\Program Files (x86)\PuTTY\;C:\Program Files\Java\jdk1.8.0_101\bin;C:\Program Files\Java\jdk1.8.0_101;C:\Program Files\Java\jre1.8.0_101;C:\Program Files\Git\cmd;C:\Program Files\Java\jre1.8.0_101\bin;C:\Users\abistat\AppData\Local\Android\android-sdk\platform-tools;C:\Users\abistat\AppData\Local\Android\android-sdk\tools;C:\Program Files\MySQL\MySQL Utilities 1.6\;C:\Program Files\IBM\Bluemix\bin\;C:\Program Files\Cloud Foundry;C:\Program Files\Intel\WiFi\bin\;C:\Program Files\Common Files\Intel\WirelessCommon\;C:\Users\abistat\AppData\Local\Microsoft\WindowsApps;C:\Users\abistat\AppData\Roaming\npm;C:\Users\abistat\AppData\Local\Android\Sdk\platform-tools1;C:\Users\abistat\AppData\Local\Android\Sdk\tools1;C:\KonyVisualizer7.1.0/gradle/bin;C:\KonyVisualizer7.1.0\ImageMagick;C:\KonyVisualizer7.1.0\Ant\bin;C:\Users\abistat\AppData\Local\Android\android-sdk\platform-tools;C:\Users\abistat\AppData\Local\Android\android-sdk\tools;C:\KonyVisualizer7.1.0\Java\jdk1.7.0_67\bin
10 verbose lifecycle nokia@1.0.0~start: CWD: C:\Users\abistat\new_nokia
11 silly lifecycle nokia@1.0.0~start: Args: [ '/d /s /c', 'node app.js' ]
12 silly lifecycle nokia@1.0.0~start: Returned: code: 1  signal: null
13 info lifecycle nokia@1.0.0~start: Failed to exec start script
14 verbose stack Error: nokia@1.0.0 start: `node app.js`
14 verbose stack Exit status 1
14 verbose stack     at EventEmitter.<anonymous> (C:\Users\abistat\AppData\Roaming\npm\node_modules\npm\lib\utils\lifecycle.js:255:16)
14 verbose stack     at emitTwo (events.js:87:13)
14 verbose stack     at EventEmitter.emit (events.js:172:7)
14 verbose stack     at ChildProcess.<anonymous> (C:\Users\abistat\AppData\Roaming\npm\node_modules\npm\lib\utils\spawn.js:40:14)
14 verbose stack     at emitTwo (events.js:87:13)
14 verbose stack     at ChildProcess.emit (events.js:172:7)
14 verbose stack     at maybeClose (internal/child_process.js:829:16)
14 verbose stack     at Process.ChildProcess._handle.onexit (internal/child_process.js:211:5)
15 verbose pkgid nokia@1.0.0
16 verbose cwd C:\Users\abistat\new_nokia
17 error Windows_NT 10.0.14393
18 error argv "C:\\Program Files\\nodejs\\node.exe" "C:\\Users\\abistat\\AppData\\Roaming\\npm\\node_modules\\npm\\bin\\npm-cli.js" "start"
19 error node v4.5.0
20 error npm  v3.10.6
21 error code ELIFECYCLE
22 error nokia@1.0.0 start: `node app.js`
22 error Exit status 1
23 error Failed at the nokia@1.0.0 start script 'node app.js'.
23 error Make sure you have the latest version of node.js and npm installed.
23 error If you do, this is most likely a problem with the nokia package,
23 error not with npm itself.
23 error Tell the author that this fails on your system:
23 error     node app.js
23 error You can get information on how to open an issue for this project with:
23 error     npm bugs nokia
23 error Or if that isn't available, you can get their info via:
23 error     npm owner ls nokia
23 error There is likely additional logging output above.
24 verbose exit [ 1, true ]
